d:\project practice\usecase\usecase\x64\debug\vc143.pdb
d:\project practice\usecase\usecase\x64\debug\vc143.idb
d:\project practice\usecase\usecase\x64\debug\trip.obj
d:\project practice\usecase\usecase\x64\debug\main.obj
d:\project practice\usecase\usecase\x64\debug\employeesigninview.obj
d:\project practice\usecase\usecase\x64\debug\employeeloginview.obj
d:\project practice\usecase\usecase\x64\debug\employeedatabase.obj
d:\project practice\usecase\usecase\x64\debug\employeecontroller.obj
d:\project practice\usecase\usecase\x64\debug\employee.obj
d:\project practice\usecase\usecase\x64\debug\customersigninview.obj
d:\project practice\usecase\usecase\x64\debug\customerloginview.obj
d:\project practice\usecase\usecase\x64\debug\customerdatabase.obj
d:\project practice\usecase\usecase\x64\debug\customer.obj
d:\project practice\usecase\usecase\x64\debug\customercontroller.obj
d:\project practice\usecase\usecase\x64\debug\bookingview.obj
d:\project practice\usecase\usecase\x64\debug\bookingdatabase.obj
d:\project practice\usecase\usecase\x64\debug\adminloginview.obj
d:\project practice\usecase\usecase\x64\debug\admin.obj
d:\project practice\usecase\usecase\x64\debug\user.obj
d:\project practice\usecase\usecase\x64\debug\tripdatabase.obj
d:\project practice\usecase\usecase\x64\debug\tripcontroller.obj
d:\project practice\usecase\usecase\x64\debug\usecase.tlog\cl.command.1.tlog
d:\project practice\usecase\usecase\x64\debug\usecase.tlog\cl.read.1.tlog
d:\project practice\usecase\usecase\x64\debug\usecase.tlog\cl.write.1.tlog
